<?xml version="1.0" encoding="UTF-8"?>
<!-- Generated by org.testng.reporters.JUnitReportReporter -->
<testsuite skipped="0" hostname="Maneeshs-MacBook-Pro.local" name="TestChromeOnGrid" tests="1" failures="0" timestamp="17 Dec 2018 03:46:03 GMT" time="5.461" errors="0">
  <testcase name="launchChromeOnNode" time="5.461" classname="TestChromeOnGrid"/>
</testsuite> <!-- TestChromeOnGrid -->
