<?xml version="1.0" encoding="UTF-8"?>
<!-- Generated by org.testng.reporters.JUnitReportReporter -->
<testsuite skipped="0" hostname="Maneeshs-MacBook-Pro.local" name="TestChromeOnGrid" tests="1" failures="0" timestamp="13 Dec 2018 04:45:41 GMT" time="4.128" errors="0">
  <testcase name="launchChromeOnNode" time="4.128" classname="TestChromeOnGrid"/>
</testsuite> <!-- TestChromeOnGrid -->
