<?xml version="1.0" encoding="UTF-8"?>
<!-- Generated by org.testng.reporters.JUnitReportReporter -->
<testsuite skipped="0" hostname="Maneeshs-MacBook-Pro.local" name="TestChromeOnGrid" tests="1" failures="0" timestamp="17 Dec 2018 04:09:38 GMT" time="5.255" errors="0">
  <testcase name="launchChromeOnNode" time="5.255" classname="TestChromeOnGrid"/>
</testsuite> <!-- TestChromeOnGrid -->
